Report file: ex5.rpt
100 Jobs:
(2, 10, *)(7, 16, *)(11, 10, *)(13, 3, *)(14, 11, *)(17, 13, *)(17, 20, *)(18, 7, *)(20, 15, *)(21, 15, *)(21, 15, *)(25, 11, *)(25, 13, *)(25, 5, *)(26, 2, *)(26, 16, *)(28, 13, *)(39, 3, *)(42, 19, *)(42, 16, *)(48, 9, *)(48, 1, *)(54, 5, *)(55, 15, *)(58, 6, *)(62, 6, *)(66, 6, *)(71, 18, *)(72, 9, *)(74, 11, *)(76, 12, *)(77, 5, *)(77, 4, *)(77, 12, *)(79, 6, *)(82, 9, *)(85, 4, *)(86, 19, *)(87, 9, *)(87, 20, *)(89, 6, *)(90, 5, *)(93, 17, *)(95, 10, *)(95, 20, *)(99, 2, *)(101, 19, *)(103, 20, *)(105, 10, *)(105, 14, *)(107, 6, *)(109, 11, *)(110, 3, *)(111, 8, *)(112, 13, *)(112, 19, *)(115, 7, *)(115, 4, *)(118, 12, *)(119, 5, *)(120, 16, *)(120, 2, *)(120, 7, *)(120, 7, *)(125, 15, *)(125, 14, *)(125, 1, *)(127, 8, *)(128, 18, *)(129, 8, *)(133, 19, *)(134, 6, *)(134, 6, *)(136, 3, *)(142, 11, *)(143, 14, *)(143, 16, *)(146, 15, *)(146, 20, *)(147, 8, *)(147, 16, *)(154, 12, *)(161, 5, *)(162, 18, *)(167, 18, *)(170, 10, *)(176, 19, *)(178, 3, *)(179, 6, *)(182, 5, *)(182, 9, *)(182, 18, *)(182, 9, *)(183, 20, *)(185, 6, *)(191, 17, *)(193, 5, *)(193, 4, *)(194, 3, *)(198, 12, *)

***********************************************************
1 processor: totalWait=42515, maxWait=852, averageWait=425.15
2 processors: totalWait=16222, maxWait=365, averageWait=162.22
3 processors: totalWait=7564, maxWait=172, averageWait=75.64
4 processors: totalWait=3459, maxWait=83, averageWait=34.59
5 processors: totalWait=1398, maxWait=51, averageWait=13.98
6 processors: totalWait=555, maxWait=27, averageWait=5.55
7 processors: totalWait=241, maxWait=19, averageWait=2.41
8 processors: totalWait=107, maxWait=18, averageWait=1.07
9 processors: totalWait=20, maxWait=8, averageWait=0.20
10 processors: totalWait=3, maxWait=3, averageWait=0.03
11 processors: totalWait=0, maxWait=0, averageWait=0.00
12 processors: totalWait=0, maxWait=0, averageWait=0.00
13 processors: totalWait=0, maxWait=0, averageWait=0.00
14 processors: totalWait=0, maxWait=0, averageWait=0.00
15 processors: totalWait=0, maxWait=0, averageWait=0.00
16 processors: totalWait=0, maxWait=0, averageWait=0.00
17 processors: totalWait=0, maxWait=0, averageWait=0.00
18 processors: totalWait=0, maxWait=0, averageWait=0.00
19 processors: totalWait=0, maxWait=0, averageWait=0.00
20 processors: totalWait=0, maxWait=0, averageWait=0.00
21 processors: totalWait=0, maxWait=0, averageWait=0.00
22 processors: totalWait=0, maxWait=0, averageWait=0.00
23 processors: totalWait=0, maxWait=0, averageWait=0.00
24 processors: totalWait=0, maxWait=0, averageWait=0.00
25 processors: totalWait=0, maxWait=0, averageWait=0.00
26 processors: totalWait=0, maxWait=0, averageWait=0.00
27 processors: totalWait=0, maxWait=0, averageWait=0.00
28 processors: totalWait=0, maxWait=0, averageWait=0.00
29 processors: totalWait=0, maxWait=0, averageWait=0.00
30 processors: totalWait=0, maxWait=0, averageWait=0.00
31 processors: totalWait=0, maxWait=0, averageWait=0.00
32 processors: totalWait=0, maxWait=0, averageWait=0.00
33 processors: totalWait=0, maxWait=0, averageWait=0.00
34 processors: totalWait=0, maxWait=0, averageWait=0.00
35 processors: totalWait=0, maxWait=0, averageWait=0.00
36 processors: totalWait=0, maxWait=0, averageWait=0.00
37 processors: totalWait=0, maxWait=0, averageWait=0.00
38 processors: totalWait=0, maxWait=0, averageWait=0.00
39 processors: totalWait=0, maxWait=0, averageWait=0.00
40 processors: totalWait=0, maxWait=0, averageWait=0.00
41 processors: totalWait=0, maxWait=0, averageWait=0.00
42 processors: totalWait=0, maxWait=0, averageWait=0.00
43 processors: totalWait=0, maxWait=0, averageWait=0.00
44 processors: totalWait=0, maxWait=0, averageWait=0.00
45 processors: totalWait=0, maxWait=0, averageWait=0.00
46 processors: totalWait=0, maxWait=0, averageWait=0.00
47 processors: totalWait=0, maxWait=0, averageWait=0.00
48 processors: totalWait=0, maxWait=0, averageWait=0.00
49 processors: totalWait=0, maxWait=0, averageWait=0.00
50 processors: totalWait=0, maxWait=0, averageWait=0.00
51 processors: totalWait=0, maxWait=0, averageWait=0.00
52 processors: totalWait=0, maxWait=0, averageWait=0.00
53 processors: totalWait=0, maxWait=0, averageWait=0.00
54 processors: totalWait=0, maxWait=0, averageWait=0.00
55 processors: totalWait=0, maxWait=0, averageWait=0.00
56 processors: totalWait=0, maxWait=0, averageWait=0.00
57 processors: totalWait=0, maxWait=0, averageWait=0.00
58 processors: totalWait=0, maxWait=0, averageWait=0.00
59 processors: totalWait=0, maxWait=0, averageWait=0.00
60 processors: totalWait=0, maxWait=0, averageWait=0.00
61 processors: totalWait=0, maxWait=0, averageWait=0.00
62 processors: totalWait=0, maxWait=0, averageWait=0.00
63 processors: totalWait=0, maxWait=0, averageWait=0.00
64 processors: totalWait=0, maxWait=0, averageWait=0.00
65 processors: totalWait=0, maxWait=0, averageWait=0.00
66 processors: totalWait=0, maxWait=0, averageWait=0.00
67 processors: totalWait=0, maxWait=0, averageWait=0.00
68 processors: totalWait=0, maxWait=0, averageWait=0.00
69 processors: totalWait=0, maxWait=0, averageWait=0.00
70 processors: totalWait=0, maxWait=0, averageWait=0.00
71 processors: totalWait=0, maxWait=0, averageWait=0.00
72 processors: totalWait=0, maxWait=0, averageWait=0.00
73 processors: totalWait=0, maxWait=0, averageWait=0.00
74 processors: totalWait=0, maxWait=0, averageWait=0.00
75 processors: totalWait=0, maxWait=0, averageWait=0.00
76 processors: totalWait=0, maxWait=0, averageWait=0.00
77 processors: totalWait=0, maxWait=0, averageWait=0.00
78 processors: totalWait=0, maxWait=0, averageWait=0.00
79 processors: totalWait=0, maxWait=0, averageWait=0.00
80 processors: totalWait=0, maxWait=0, averageWait=0.00
81 processors: totalWait=0, maxWait=0, averageWait=0.00
82 processors: totalWait=0, maxWait=0, averageWait=0.00
83 processors: totalWait=0, maxWait=0, averageWait=0.00
84 processors: totalWait=0, maxWait=0, averageWait=0.00
85 processors: totalWait=0, maxWait=0, averageWait=0.00
86 processors: totalWait=0, maxWait=0, averageWait=0.00
87 processors: totalWait=0, maxWait=0, averageWait=0.00
88 processors: totalWait=0, maxWait=0, averageWait=0.00
89 processors: totalWait=0, maxWait=0, averageWait=0.00
90 processors: totalWait=0, maxWait=0, averageWait=0.00
91 processors: totalWait=0, maxWait=0, averageWait=0.00
92 processors: totalWait=0, maxWait=0, averageWait=0.00
93 processors: totalWait=0, maxWait=0, averageWait=0.00
94 processors: totalWait=0, maxWait=0, averageWait=0.00
95 processors: totalWait=0, maxWait=0, averageWait=0.00
96 processors: totalWait=0, maxWait=0, averageWait=0.00
97 processors: totalWait=0, maxWait=0, averageWait=0.00
98 processors: totalWait=0, maxWait=0, averageWait=0.00
99 processors: totalWait=0, maxWait=0, averageWait=0.00
